<?xml version="1.0" encoding="UTF-8" ?>
<testsuite failures="0" time="0.332" errors="0" skipped="0" tests="5" name="org.zehetner.homeautomation.sprinklers.SprinklerStateEngineTest">
  <properties>
[...]
</properties>
  <testcase time="0.023" classname="org.zehetner.homeautomation.sprinklers.SprinklerStateEngineTest" name="testSetStateThroughThread"/>
  <testcase time="0.022" classname="org.zehetner.homeautomation.sprinklers.SprinklerStateEngineTest" name="testOnDemandOnTooLong"/>
  <testcase time="0.033" classname="org.zehetner.homeautomation.sprinklers.SprinklerStateEngineTest" name="testProcessResponseWrongState"/>
  <testcase time="0.012" classname="org.zehetner.homeautomation.sprinklers.SprinklerStateEngineTest" name="testProcessResponseCorrectState"/>
  <testcase time="0.241" classname="org.zehetner.homeautomation.sprinklers.SprinklerStateEngineTest" name="testProcessResponseForProgram"/>
</testsuite>